[22948:24448:2025-1-14 23:42:59.331] Main Start
[22948:24448:2025-1-14 23:42:59.331] Command line:"D:\777.html\image\scoped_dir7404_1825858066\Zoom_cm_fo42mnktZ9vvrZo4_mcMNMKaWPTc7m67dt-MbsdzxzAj7u18GZHO0@HwBRybJ0JYKh3peU_kba3c48f9c9ca6317_.exe"  Instance:0x670000 Show State:1
[22948:24448:2025-1-14 23:42:59.363] Zoo
[22948:26972:2025-1-14 23:42:59.372] [process_requst] start, url:https://us05web.zoom.us/conf/launch
[22948:26972:2025-1-14 23:42:59.813] [req_state_read_status_code] zHttpQueryInfo complete, status:200
[22948:26972:2025-1-14 23:42:59.813] [req_state_read_status_code] zHttpQueryInfo complete, status:200 Error: 0
[22948:26972:2025-1-14 23:42:59.813] [read_response_content] API call zHttpQueryInfo failed, error: 12150
[22948:26972:2025-1-14 23:42:59.814] [log_response_content] Content length (1048576 as unknown):1048576 , Total read: 2554 , Error No: 0 , Status code: 200
[22948:26972:2025-1-14 23:42:59.814] [log_response_content] header:
[22948:26972:2025-1-14 23:42:59.814] HTTP/1.1 200 OK
Date: Tue, 14 Jan 2025 21:42:56 GMT
Content-Type: text/plain;charset=utf-8
Transfer-Encoding: chunked
Connection: keep-alive
x-zm-trackingid: v=2.0;clid=us05;rid=WEB_a5c606f25c908ae06725857464a0409c
x-content-type-options: nosniff
content-security-policy: upgrade-insecure-requests; default-src https://*.zoom.us https://zoom.us blob: 'self'; img-src https: about: blob: data: 'self'; style-src https: safari-extension: chrome-extension: 'unsafe-inline' data: 'self'; font-src https: safari-extension: chrome-extension: blob: data: 'self'; connect-src * about: blob: data: 'self'; media-src * rtmp: blob: data: 'self'; frame-src https: ms-appx-web: zoommtg: zoomus: wvjbscheme: zoomprc: data: blob: 'self'; object-src 'none'; base-uri 'none';
x-frame-options: SAMEORIGIN
Set-Cookie: _zm_feature=; Max-Age=0; Expires=Thu, 01 Jan 1970 00:00:10 GMT; Secure; HttpOnly
x-zm-zoneid: VA
strict-transport-security: max-age=31536000; includeSubDomains
x-xss-protection: 1; mode=block
referrer-policy: strict-origin-when-cross-origin
CF-Cache-Status: DYNAMIC
Set-Cookie: zm_aid=; Max-Age=0; Expires=Thu, 01 Jan 1970 00:00:10 GMT; Domain=zoom.us; Path=/; Secure; HttpOnly
Set-Cookie: zm_haid=; Max-Age=0; Expires=Thu, 01 Jan 1970 00:00:10 GMT; Domain=zoom.us; Path=/; Secure; HttpOnly
Set-Cookie: zm_tmaid=; Max-Age=0; Expires=Thu, 01 Jan 1970 00:00:10 GMT; Domain=zoom.us; Path=/; Secure; HttpOnly
Set-Cookie: zm_htmaid=; Max-Age=0; Expires=Thu, 01 Jan 1970 00:00:10 GMT; Domain=zoom.us; Path=/; Secure; HttpOnly
Set-Cookie: cred=CF4D185A350995EA74D9A19ED7670346; Path=/; Secure; HttpOnly
Set-Cookie: _zm_page_auth=us05_c_ULTQ0czAQoyEUm45b7xSLQ; Domain=zoom.us; Path=/; Secure; HttpOnly
Set-Cookie: _zm_ssid=us05_c_nrcnS7G_RpekyONEgoufbw; Domain=zoom.us; Path=/; Secure; HttpOnly
Set-Cookie: _zm_ctaid=EIQ23fYhQWCREJE2WbkPWQ.1736890976691.b5ab7db51da80d28d68aa0da74386e2c; Max-Age=7200; Expires=Tue, 14 Jan 2025 23:42:56 GMT; Domain=zoom.us; Path=/; Secure; HttpOnly
Set-Cookie: _zm_chtaid=480; Max-Age=7200; Expires=Tue, 14 Jan 2025 23:42:56 GMT; Domain=zoom.us; Path=/; Secure; HttpOnly
Set-Cookie: _zm_mtk_guid=ed179b4351424a218d9e96d14cff458d; Max-Age=63072000; Expires=Thu, 14 Jan 2027 21:42:56 GMT; Domain=zoom.us; Path=/; Secure
Set-Cookie: __cf_bm=QNh_SmobeBqSm6Jqo.p4gTiRu6LVqIGgfQlIqyhinck-1736890976-1.0.1.1-dVw8aD5DOFidsRWTUxGtwlMS7AQXygYck9YY8UP9e.U4tT1c1AGv2vDP_bnG03Y5XNcVKCJ7VeaUn7KsjhvmMA; path=/; expires=Tue, 14-Jan-25 22:12:56 GMT; domain=.us05web.zoom.us; HttpOnly; Secure; SameSite=None
Report-To: {"endpoints":[{"url":"https:\/\/a.nel.cloudflare.com\/report\/v4?s=rm9w4Xo7k14DRdYEb3ND058ppssUAA%2FiBbodppaVoMon%2B81vESDjjEP9tVtCExP8pPlYv%2F4LdtvLAbK9vCbx9vOWbAa3jb%2B4PeK%2B4Mk5Z2kj6zxtfJ8qHVf1CrPKQZbLgg%3D%3D"}],"group":"cf-nel","max_age":604800}
NEL: {"success_fraction":0.01,"report_to":"cf-nel","max_age":604800}
Server: cloudflare
CF-RAY: 9020cc7bcfefca52-KBP
alt-svc: h3=":443"; ma=86400


[22948:26972:2025-1-14 23:42:59.815] [process_requst] End for url:https://us05web.zoom.us/conf/launch, return code:200, Error:0, Response content size:2554
[22948:24448:2025-1-14 23:42:59.861] [client_has_installed_app] found path:
[22948:24448:2025-1-14 23:42:59.861]  ***NULL-POINTER-PLACEHOLDER***
[22948:24448:2025-1-14 23:42:59.862] [param_query_local_path] path is: C:\Users\UltraTuller228\AppData\Roaming\Zoom\ZoomDownload\ dir create response : 1 system error: 1008
[22948:24448:2025-1-14 23:42:59.862] [downloader_run] State:0
[22948:10648:2025-1-14 23:42:59.862] [process_requst] start, url:https://us05web.zoom.us/client/latest/Installer.exe?archType=x64
[22948:24448:2025-1-14 23:42:59.863] [client_has_installed_app] found path:
[22948:24448:2025-1-14 23:42:59.863]  ***NULL-POINTER-PLACEHOLDER***
[22948:10648:2025-1-14 23:43:0.293] [req_state_read_status_code] zHttpQueryInfo complete, status:200
[22948:10648:2025-1-14 23:43:0.293] [req_state_read_status_code] zHttpQueryInfo complete, status:200 Error: 0
[22948:10648:2025-1-14 23:43:0.318] [read_response_file] Status Code:200, content length: 1099064, total read: 1099064, error code: 0
[22948:10648:2025-1-14 23:43:0.324] [process_requst] End for url:https://us05web.zoom.us/client/latest/Installer.exe?archType=x64, return code:200, Error:0, Response content size:0
[22948:24448:2025-1-14 23:43:0.358] [handle_download_job_done] Index: 1 Curr index: 1 StatusCode: 200 Error: 0 Response is Empty. 
[22948:10648:2025-1-14 23:43:0.425] [process_requst] start, url:https://us05web.zoom.us/client/latest/zLang_ru.7z?archType=x64
[22948:10648:2025-1-14 23:43:0.623] [req_state_read_status_code] zHttpQueryInfo complete, status:200
[22948:10648:2025-1-14 23:43:0.623] [req_state_read_status_code] zHttpQueryInfo complete, status:200 Error: 0
[22948:10648:2025-1-14 23:43:0.625] [read_response_file] Status Code:200, content length: 180641, total read: 180641, error code: 0
[22948:10648:2025-1-14 23:43:0.627] [process_requst] End for url:https://us05web.zoom.us/client/latest/zLang_ru.7z?archType=x64, return code:200, Error:0, Response content size:0
[22948:24448:2025-1-14 23:43:0.668] [handle_download_job_done] Index: 2 Curr index: 2 StatusCode: 200 Error: 0 Response is Empty. 
[22948:10648:2025-1-14 23:43:0.668] [process_requst] start, url:https://us05web.zoom.us/client/latest/Zoom.msi?archType=x64
[22948:10648:2025-1-14 23:43:0.889] [req_state_read_status_code] zHttpQueryInfo complete, status:200
[22948:10648:2025-1-14 23:43:0.889] [req_state_read_status_code] zHttpQueryInfo complete, status:200 Error: 0
[22948:10648:2025-1-14 23:43:1.823] [read_response_file] Status Code:200, content length: 41646591, total read: 41646591, error code: 0
[22948:10648:2025-1-14 23:43:1.924] [process_requst] End for url:https://us05web.zoom.us/client/latest/Zoom.msi?archType=x64, return code:200, Error:0, Response content size:0
[22948:24448:2025-1-14 23:43:1.982] [handle_download_job_done] Index: 3 Curr index: 3 StatusCode: 200 Error: 0 Response is Empty. 
[22948:24448:2025-1-14 23:43:2.1] C:\Users\UltraTuller228\AppData\Roaming\Zoom\ZoomDownload\Installer.exe
[22948:24448:2025-1-14 23:43:2.1] ZInstaller --conf.mode=silent --ipc_wnd=395322
[22948:24448:2025-1-14 23:43:2.316] [launch_silent_install] Installer process created, result:42
[22948:24448:2025-1-14 23:43:12.305] C:\Users\UltraTuller228\AppData\Roaming\Zoom\bin\Zoom.exe
[22948:24448:2025-1-14 23:43:12.323] client_launch_app: 
[22948:24448:2025-1-14 23:43:12.323] C:\Users\UltraTuller228\AppData\Roaming\Zoom\bin\Zoom.exe
[22948:24448:2025-1-14 23:43:12.323] "--url=zoommtg://win.launch?h.domain=us05web.zoom.us&h.path=join&confid=dXNzPU52OGl3OEFjTmFFRlRIR3VHRzJQZTBTVHRxS1c0M2RKQV9ydGNuZHZZLW1JbGlDbmVVd1N6QTc5UklUMkI1cFZoTGlnQTZuZmZET3ctdXNSdmJsN1JuM215ODBxeXBncThOR3dxZWRSRDMxS19lQndpNzY1emhJTFFHT0FYVjhWalFJcDE0YnF3VmY3R0RSYWRQemdBaWZ0UEdXV3JFNjUtWGJWQ01icUJkLVZ1TzFOZl92TU0zTFY1U3hUcnlmcmIwdmFTaDdaXzEtQUNEUmRPV2RMNHBtcUcxSHlsQXhyX2ViV0R0b192Rm45LnJFWjZsZDlpc29iMjFOZ0cmdGlkPWI1NmI4OWQyYjVlYTQwM2FiYmIyNzM4M2YzZWE0YzY0&mcv=0.92.11227.0929&stype=0&zc=0&browser=opera&action=join&confno=4633730210&pwd=xZ3bJ3BW5GZRN280fjHzzOTmDqrpOq.1"
[22948:24448:2025-1-14 23:43:12.491] [client_launch_app] Zoom app process created, result:42
[22948:24448:2025-1-14 23:43:12.687] Main End
